/root/ses598-space-robotics-and-ai-2026/assignments/cart_pole_optimal_control/install/cart_pole_optimal_control/lib/python3.10/site-packages/cart_pole_optimal_control/state_republisher.py
/root/ses598-space-robotics-and-ai-2026/assignments/cart_pole_optimal_control/install/cart_pole_optimal_control/lib/python3.10/site-packages/cart_pole_optimal_control/force_visualizer.py
/root/ses598-space-robotics-and-ai-2026/assignments/cart_pole_optimal_control/install/cart_pole_optimal_control/lib/python3.10/site-packages/cart_pole_optimal_control/lqr_controller.py
/root/ses598-space-robotics-and-ai-2026/assignments/cart_pole_optimal_control/install/cart_pole_optimal_control/lib/python3.10/site-packages/cart_pole_optimal_control/optimzer.py
/root/ses598-space-robotics-and-ai-2026/assignments/cart_pole_optimal_control/install/cart_pole_optimal_control/lib/python3.10/site-packages/cart_pole_optimal_control/__init__.py
/root/ses598-space-robotics-and-ai-2026/assignments/cart_pole_optimal_control/install/cart_pole_optimal_control/lib/python3.10/site-packages/cart_pole_optimal_control/earthquake_force_generator.py
/root/ses598-space-robotics-and-ai-2026/assignments/cart_pole_optimal_control/install/cart_pole_optimal_control/lib/python3.10/site-packages/cart_pole_optimal_control/__pycache__/state_republisher.cpython-310.pyc
/root/ses598-space-robotics-and-ai-2026/assignments/cart_pole_optimal_control/install/cart_pole_optimal_control/lib/python3.10/site-packages/cart_pole_optimal_control/__pycache__/force_visualizer.cpython-310.pyc
/root/ses598-space-robotics-and-ai-2026/assignments/cart_pole_optimal_control/install/cart_pole_optimal_control/lib/python3.10/site-packages/cart_pole_optimal_control/__pycache__/lqr_controller.cpython-310.pyc
/root/ses598-space-robotics-and-ai-2026/assignments/cart_pole_optimal_control/install/cart_pole_optimal_control/lib/python3.10/site-packages/cart_pole_optimal_control/__pycache__/optimzer.cpython-310.pyc
/root/ses598-space-robotics-and-ai-2026/assignments/cart_pole_optimal_control/install/cart_pole_optimal_control/lib/python3.10/site-packages/cart_pole_optimal_control/__pycache__/__init__.cpython-310.pyc
/root/ses598-space-robotics-and-ai-2026/assignments/cart_pole_optimal_control/install/cart_pole_optimal_control/lib/python3.10/site-packages/cart_pole_optimal_control/__pycache__/earthquake_force_generator.cpython-310.pyc
/root/ses598-space-robotics-and-ai-2026/assignments/cart_pole_optimal_control/install/cart_pole_optimal_control/share/ament_index/resource_index/packages/cart_pole_optimal_control
/root/ses598-space-robotics-and-ai-2026/assignments/cart_pole_optimal_control/install/cart_pole_optimal_control/share/cart_pole_optimal_control/package.xml
/root/ses598-space-robotics-and-ai-2026/assignments/cart_pole_optimal_control/install/cart_pole_optimal_control/share/cart_pole_optimal_control/launch/cart_pole_rviz.launch.py
/root/ses598-space-robotics-and-ai-2026/assignments/cart_pole_optimal_control/install/cart_pole_optimal_control/share/cart_pole_optimal_control/launch/cart_pole.launch.py
/root/ses598-space-robotics-and-ai-2026/assignments/cart_pole_optimal_control/install/cart_pole_optimal_control/share/cart_pole_optimal_control/config/cart_pole.rviz
/root/ses598-space-robotics-and-ai-2026/assignments/cart_pole_optimal_control/install/cart_pole_optimal_control/share/cart_pole_optimal_control/models/cart_pole/model.urdf
/root/ses598-space-robotics-and-ai-2026/assignments/cart_pole_optimal_control/install/cart_pole_optimal_control/share/cart_pole_optimal_control/models/cart_pole/meshes
/root/ses598-space-robotics-and-ai-2026/assignments/cart_pole_optimal_control/install/cart_pole_optimal_control/lib/python3.10/site-packages/cart_pole_optimal_control-0.0.1-py3.10.egg-info/SOURCES.txt
/root/ses598-space-robotics-and-ai-2026/assignments/cart_pole_optimal_control/install/cart_pole_optimal_control/lib/python3.10/site-packages/cart_pole_optimal_control-0.0.1-py3.10.egg-info/PKG-INFO
/root/ses598-space-robotics-and-ai-2026/assignments/cart_pole_optimal_control/install/cart_pole_optimal_control/lib/python3.10/site-packages/cart_pole_optimal_control-0.0.1-py3.10.egg-info/dependency_links.txt
/root/ses598-space-robotics-and-ai-2026/assignments/cart_pole_optimal_control/install/cart_pole_optimal_control/lib/python3.10/site-packages/cart_pole_optimal_control-0.0.1-py3.10.egg-info/entry_points.txt
/root/ses598-space-robotics-and-ai-2026/assignments/cart_pole_optimal_control/install/cart_pole_optimal_control/lib/python3.10/site-packages/cart_pole_optimal_control-0.0.1-py3.10.egg-info/requires.txt
/root/ses598-space-robotics-and-ai-2026/assignments/cart_pole_optimal_control/install/cart_pole_optimal_control/lib/python3.10/site-packages/cart_pole_optimal_control-0.0.1-py3.10.egg-info/zip-safe
/root/ses598-space-robotics-and-ai-2026/assignments/cart_pole_optimal_control/install/cart_pole_optimal_control/lib/python3.10/site-packages/cart_pole_optimal_control-0.0.1-py3.10.egg-info/top_level.txt
/root/ses598-space-robotics-and-ai-2026/assignments/cart_pole_optimal_control/install/cart_pole_optimal_control/lib/cart_pole_optimal_control/earthquake_force_generator
/root/ses598-space-robotics-and-ai-2026/assignments/cart_pole_optimal_control/install/cart_pole_optimal_control/lib/cart_pole_optimal_control/force_visualizer
/root/ses598-space-robotics-and-ai-2026/assignments/cart_pole_optimal_control/install/cart_pole_optimal_control/lib/cart_pole_optimal_control/lqr_controller
/root/ses598-space-robotics-and-ai-2026/assignments/cart_pole_optimal_control/install/cart_pole_optimal_control/lib/cart_pole_optimal_control/state_republisher
