running egg_info
writing build/cart_pole_optimal_control/cart_pole_optimal_control.egg-info/PKG-INFO
writing dependency_links to build/cart_pole_optimal_control/cart_pole_optimal_control.egg-info/dependency_links.txt
writing entry points to build/cart_pole_optimal_control/cart_pole_optimal_control.egg-info/entry_points.txt
writing requirements to build/cart_pole_optimal_control/cart_pole_optimal_control.egg-info/requires.txt
writing top-level names to build/cart_pole_optimal_control/cart_pole_optimal_control.egg-info/top_level.txt
reading manifest file 'build/cart_pole_optimal_control/cart_pole_optimal_control.egg-info/SOURCES.txt'
writing manifest file 'build/cart_pole_optimal_control/cart_pole_optimal_control.egg-info/SOURCES.txt'
running build
running build_py
copying cart_pole_optimal_control/optimzer.py -> /root/ses598-space-robotics-and-ai-2026/assignments/cart_pole_optimal_control/build/cart_pole_optimal_control/build/lib/cart_pole_optimal_control
running install
running install_lib
copying /root/ses598-space-robotics-and-ai-2026/assignments/cart_pole_optimal_control/build/cart_pole_optimal_control/build/lib/cart_pole_optimal_control/optimzer.py -> /root/ses598-space-robotics-and-ai-2026/assignments/cart_pole_optimal_control/install/cart_pole_optimal_control/lib/python3.10/site-packages/cart_pole_optimal_control
byte-compiling /root/ses598-space-robotics-and-ai-2026/assignments/cart_pole_optimal_control/install/cart_pole_optimal_control/lib/python3.10/site-packages/cart_pole_optimal_control/optimzer.py to optimzer.cpython-310.pyc
running install_data
copying launch/cart_pole_rviz.launch.py -> /root/ses598-space-robotics-and-ai-2026/assignments/cart_pole_optimal_control/install/cart_pole_optimal_control/share/cart_pole_optimal_control/launch
running install_egg_info
removing '/root/ses598-space-robotics-and-ai-2026/assignments/cart_pole_optimal_control/install/cart_pole_optimal_control/lib/python3.10/site-packages/cart_pole_optimal_control-0.0.1-py3.10.egg-info' (and everything under it)
Copying build/cart_pole_optimal_control/cart_pole_optimal_control.egg-info to /root/ses598-space-robotics-and-ai-2026/assignments/cart_pole_optimal_control/install/cart_pole_optimal_control/lib/python3.10/site-packages/cart_pole_optimal_control-0.0.1-py3.10.egg-info
running install_scripts
Installing earthquake_force_generator script to /root/ses598-space-robotics-and-ai-2026/assignments/cart_pole_optimal_control/install/cart_pole_optimal_control/lib/cart_pole_optimal_control
Installing force_visualizer script to /root/ses598-space-robotics-and-ai-2026/assignments/cart_pole_optimal_control/install/cart_pole_optimal_control/lib/cart_pole_optimal_control
Installing lqr_controller script to /root/ses598-space-robotics-and-ai-2026/assignments/cart_pole_optimal_control/install/cart_pole_optimal_control/lib/cart_pole_optimal_control
Installing state_republisher script to /root/ses598-space-robotics-and-ai-2026/assignments/cart_pole_optimal_control/install/cart_pole_optimal_control/lib/cart_pole_optimal_control
writing list of installed files to '/root/ses598-space-robotics-and-ai-2026/assignments/cart_pole_optimal_control/build/cart_pole_optimal_control/install.log'
