[1.293s] Invoking command in '/root/ses598-space-robotics-and-ai-2026/assignments/cart_pole_optimal_control': PYTHONPATH=/root/ses598-space-robotics-and-ai-2026/assignments/cart_pole_optimal_control/build/cart_pole_optimal_control/prefix_override:/usr/lib/python3/dist-packages/colcon_core/task/python/colcon_distutils_commands:/root/ses598-space-robotics-and-ai-2026/assignments/cart_pole_optimal_control/install/cart_pole_optimal_control/lib/python3.10/site-packages:${PYTHONPATH} /usr/bin/python3 -W ignore:setup.py install is deprecated -W ignore:easy_install command is deprecated setup.py egg_info --egg-base build/cart_pole_optimal_control build --build-base /root/ses598-space-robotics-and-ai-2026/assignments/cart_pole_optimal_control/build/cart_pole_optimal_control/build install --record /root/ses598-space-robotics-and-ai-2026/assignments/cart_pole_optimal_control/build/cart_pole_optimal_control/install.log --single-version-externally-managed install_data
[1.706s] running egg_info
[1.707s] writing build/cart_pole_optimal_control/cart_pole_optimal_control.egg-info/PKG-INFO
[1.707s] writing dependency_links to build/cart_pole_optimal_control/cart_pole_optimal_control.egg-info/dependency_links.txt
[1.707s] writing entry points to build/cart_pole_optimal_control/cart_pole_optimal_control.egg-info/entry_points.txt
[1.707s] writing requirements to build/cart_pole_optimal_control/cart_pole_optimal_control.egg-info/requires.txt
[1.707s] writing top-level names to build/cart_pole_optimal_control/cart_pole_optimal_control.egg-info/top_level.txt
[1.710s] reading manifest file 'build/cart_pole_optimal_control/cart_pole_optimal_control.egg-info/SOURCES.txt'
[1.712s] writing manifest file 'build/cart_pole_optimal_control/cart_pole_optimal_control.egg-info/SOURCES.txt'
[1.712s] running build
[1.712s] running build_py
[1.712s] copying cart_pole_optimal_control/optimzer.py -> /root/ses598-space-robotics-and-ai-2026/assignments/cart_pole_optimal_control/build/cart_pole_optimal_control/build/lib/cart_pole_optimal_control
[1.713s] running install
[1.713s] running install_lib
[1.714s] copying /root/ses598-space-robotics-and-ai-2026/assignments/cart_pole_optimal_control/build/cart_pole_optimal_control/build/lib/cart_pole_optimal_control/optimzer.py -> /root/ses598-space-robotics-and-ai-2026/assignments/cart_pole_optimal_control/install/cart_pole_optimal_control/lib/python3.10/site-packages/cart_pole_optimal_control
[1.715s] byte-compiling /root/ses598-space-robotics-and-ai-2026/assignments/cart_pole_optimal_control/install/cart_pole_optimal_control/lib/python3.10/site-packages/cart_pole_optimal_control/optimzer.py to optimzer.cpython-310.pyc
[1.717s] running install_data
[1.718s] copying launch/cart_pole_rviz.launch.py -> /root/ses598-space-robotics-and-ai-2026/assignments/cart_pole_optimal_control/install/cart_pole_optimal_control/share/cart_pole_optimal_control/launch
[1.718s] running install_egg_info
[1.720s] removing '/root/ses598-space-robotics-and-ai-2026/assignments/cart_pole_optimal_control/install/cart_pole_optimal_control/lib/python3.10/site-packages/cart_pole_optimal_control-0.0.1-py3.10.egg-info' (and everything under it)
[1.721s] Copying build/cart_pole_optimal_control/cart_pole_optimal_control.egg-info to /root/ses598-space-robotics-and-ai-2026/assignments/cart_pole_optimal_control/install/cart_pole_optimal_control/lib/python3.10/site-packages/cart_pole_optimal_control-0.0.1-py3.10.egg-info
[1.722s] running install_scripts
[1.754s] Installing earthquake_force_generator script to /root/ses598-space-robotics-and-ai-2026/assignments/cart_pole_optimal_control/install/cart_pole_optimal_control/lib/cart_pole_optimal_control
[1.754s] Installing force_visualizer script to /root/ses598-space-robotics-and-ai-2026/assignments/cart_pole_optimal_control/install/cart_pole_optimal_control/lib/cart_pole_optimal_control
[1.754s] Installing lqr_controller script to /root/ses598-space-robotics-and-ai-2026/assignments/cart_pole_optimal_control/install/cart_pole_optimal_control/lib/cart_pole_optimal_control
[1.755s] Installing state_republisher script to /root/ses598-space-robotics-and-ai-2026/assignments/cart_pole_optimal_control/install/cart_pole_optimal_control/lib/cart_pole_optimal_control
[1.755s] writing list of installed files to '/root/ses598-space-robotics-and-ai-2026/assignments/cart_pole_optimal_control/build/cart_pole_optimal_control/install.log'
[1.784s] Invoked command in '/root/ses598-space-robotics-and-ai-2026/assignments/cart_pole_optimal_control' returned '0': PYTHONPATH=/root/ses598-space-robotics-and-ai-2026/assignments/cart_pole_optimal_control/build/cart_pole_optimal_control/prefix_override:/usr/lib/python3/dist-packages/colcon_core/task/python/colcon_distutils_commands:/root/ses598-space-robotics-and-ai-2026/assignments/cart_pole_optimal_control/install/cart_pole_optimal_control/lib/python3.10/site-packages:${PYTHONPATH} /usr/bin/python3 -W ignore:setup.py install is deprecated -W ignore:easy_install command is deprecated setup.py egg_info --egg-base build/cart_pole_optimal_control build --build-base /root/ses598-space-robotics-and-ai-2026/assignments/cart_pole_optimal_control/build/cart_pole_optimal_control/build install --record /root/ses598-space-robotics-and-ai-2026/assignments/cart_pole_optimal_control/build/cart_pole_optimal_control/install.log --single-version-externally-managed install_data
