[1.158s] Invoking command in '/root/ses598-space-robotics-and-ai-2026/assignments/cart_pole_optimal_control': PYTHONPATH=/root/ses598-space-robotics-and-ai-2026/assignments/cart_pole_optimal_control/build/cart_pole_optimal_control/prefix_override:/usr/lib/python3/dist-packages/colcon_core/task/python/colcon_distutils_commands:/root/ses598-space-robotics-and-ai-2026/assignments/cart_pole_optimal_control/install/cart_pole_optimal_control/lib/python3.10/site-packages:${PYTHONPATH} /usr/bin/python3 -W ignore:setup.py install is deprecated -W ignore:easy_install command is deprecated setup.py egg_info --egg-base build/cart_pole_optimal_control build --build-base /root/ses598-space-robotics-and-ai-2026/assignments/cart_pole_optimal_control/build/cart_pole_optimal_control/build install --record /root/ses598-space-robotics-and-ai-2026/assignments/cart_pole_optimal_control/build/cart_pole_optimal_control/install.log --single-version-externally-managed install_data
[1.657s] running egg_info
[1.658s] creating build/cart_pole_optimal_control/cart_pole_optimal_control.egg-info
[1.658s] writing build/cart_pole_optimal_control/cart_pole_optimal_control.egg-info/PKG-INFO
[1.658s] writing dependency_links to build/cart_pole_optimal_control/cart_pole_optimal_control.egg-info/dependency_links.txt
[1.658s] writing entry points to build/cart_pole_optimal_control/cart_pole_optimal_control.egg-info/entry_points.txt
[1.659s] writing requirements to build/cart_pole_optimal_control/cart_pole_optimal_control.egg-info/requires.txt
[1.659s] writing top-level names to build/cart_pole_optimal_control/cart_pole_optimal_control.egg-info/top_level.txt
[1.659s] writing manifest file 'build/cart_pole_optimal_control/cart_pole_optimal_control.egg-info/SOURCES.txt'
[1.661s] reading manifest file 'build/cart_pole_optimal_control/cart_pole_optimal_control.egg-info/SOURCES.txt'
[1.663s] writing manifest file 'build/cart_pole_optimal_control/cart_pole_optimal_control.egg-info/SOURCES.txt'
[1.663s] running build
[1.663s] running build_py
[1.663s] creating /root/ses598-space-robotics-and-ai-2026/assignments/cart_pole_optimal_control/build/cart_pole_optimal_control/build
[1.664s] creating /root/ses598-space-robotics-and-ai-2026/assignments/cart_pole_optimal_control/build/cart_pole_optimal_control/build/lib
[1.664s] creating /root/ses598-space-robotics-and-ai-2026/assignments/cart_pole_optimal_control/build/cart_pole_optimal_control/build/lib/cart_pole_optimal_control
[1.664s] copying cart_pole_optimal_control/state_republisher.py -> /root/ses598-space-robotics-and-ai-2026/assignments/cart_pole_optimal_control/build/cart_pole_optimal_control/build/lib/cart_pole_optimal_control
[1.664s] copying cart_pole_optimal_control/force_visualizer.py -> /root/ses598-space-robotics-and-ai-2026/assignments/cart_pole_optimal_control/build/cart_pole_optimal_control/build/lib/cart_pole_optimal_control
[1.665s] copying cart_pole_optimal_control/lqr_controller.py -> /root/ses598-space-robotics-and-ai-2026/assignments/cart_pole_optimal_control/build/cart_pole_optimal_control/build/lib/cart_pole_optimal_control
[1.665s] copying cart_pole_optimal_control/optimzer.py -> /root/ses598-space-robotics-and-ai-2026/assignments/cart_pole_optimal_control/build/cart_pole_optimal_control/build/lib/cart_pole_optimal_control
[1.665s] copying cart_pole_optimal_control/__init__.py -> /root/ses598-space-robotics-and-ai-2026/assignments/cart_pole_optimal_control/build/cart_pole_optimal_control/build/lib/cart_pole_optimal_control
[1.665s] copying cart_pole_optimal_control/earthquake_force_generator.py -> /root/ses598-space-robotics-and-ai-2026/assignments/cart_pole_optimal_control/build/cart_pole_optimal_control/build/lib/cart_pole_optimal_control
[1.665s] running install
[1.666s] running install_lib
[1.666s] creating /root/ses598-space-robotics-and-ai-2026/assignments/cart_pole_optimal_control/install/cart_pole_optimal_control/lib/python3.10/site-packages/cart_pole_optimal_control
[1.666s] copying /root/ses598-space-robotics-and-ai-2026/assignments/cart_pole_optimal_control/build/cart_pole_optimal_control/build/lib/cart_pole_optimal_control/state_republisher.py -> /root/ses598-space-robotics-and-ai-2026/assignments/cart_pole_optimal_control/install/cart_pole_optimal_control/lib/python3.10/site-packages/cart_pole_optimal_control
[1.667s] copying /root/ses598-space-robotics-and-ai-2026/assignments/cart_pole_optimal_control/build/cart_pole_optimal_control/build/lib/cart_pole_optimal_control/force_visualizer.py -> /root/ses598-space-robotics-and-ai-2026/assignments/cart_pole_optimal_control/install/cart_pole_optimal_control/lib/python3.10/site-packages/cart_pole_optimal_control
[1.667s] copying /root/ses598-space-robotics-and-ai-2026/assignments/cart_pole_optimal_control/build/cart_pole_optimal_control/build/lib/cart_pole_optimal_control/lqr_controller.py -> /root/ses598-space-robotics-and-ai-2026/assignments/cart_pole_optimal_control/install/cart_pole_optimal_control/lib/python3.10/site-packages/cart_pole_optimal_control
[1.667s] copying /root/ses598-space-robotics-and-ai-2026/assignments/cart_pole_optimal_control/build/cart_pole_optimal_control/build/lib/cart_pole_optimal_control/optimzer.py -> /root/ses598-space-robotics-and-ai-2026/assignments/cart_pole_optimal_control/install/cart_pole_optimal_control/lib/python3.10/site-packages/cart_pole_optimal_control
[1.667s] copying /root/ses598-space-robotics-and-ai-2026/assignments/cart_pole_optimal_control/build/cart_pole_optimal_control/build/lib/cart_pole_optimal_control/__init__.py -> /root/ses598-space-robotics-and-ai-2026/assignments/cart_pole_optimal_control/install/cart_pole_optimal_control/lib/python3.10/site-packages/cart_pole_optimal_control
[1.668s] copying /root/ses598-space-robotics-and-ai-2026/assignments/cart_pole_optimal_control/build/cart_pole_optimal_control/build/lib/cart_pole_optimal_control/earthquake_force_generator.py -> /root/ses598-space-robotics-and-ai-2026/assignments/cart_pole_optimal_control/install/cart_pole_optimal_control/lib/python3.10/site-packages/cart_pole_optimal_control
[1.668s] byte-compiling /root/ses598-space-robotics-and-ai-2026/assignments/cart_pole_optimal_control/install/cart_pole_optimal_control/lib/python3.10/site-packages/cart_pole_optimal_control/state_republisher.py to state_republisher.cpython-310.pyc
[1.669s] byte-compiling /root/ses598-space-robotics-and-ai-2026/assignments/cart_pole_optimal_control/install/cart_pole_optimal_control/lib/python3.10/site-packages/cart_pole_optimal_control/force_visualizer.py to force_visualizer.cpython-310.pyc
[1.671s] byte-compiling /root/ses598-space-robotics-and-ai-2026/assignments/cart_pole_optimal_control/install/cart_pole_optimal_control/lib/python3.10/site-packages/cart_pole_optimal_control/lqr_controller.py to lqr_controller.cpython-310.pyc
[1.673s] byte-compiling /root/ses598-space-robotics-and-ai-2026/assignments/cart_pole_optimal_control/install/cart_pole_optimal_control/lib/python3.10/site-packages/cart_pole_optimal_control/optimzer.py to optimzer.cpython-310.pyc
[1.674s] byte-compiling /root/ses598-space-robotics-and-ai-2026/assignments/cart_pole_optimal_control/install/cart_pole_optimal_control/lib/python3.10/site-packages/cart_pole_optimal_control/__init__.py to __init__.cpython-310.pyc
[1.675s] byte-compiling /root/ses598-space-robotics-and-ai-2026/assignments/cart_pole_optimal_control/install/cart_pole_optimal_control/lib/python3.10/site-packages/cart_pole_optimal_control/earthquake_force_generator.py to earthquake_force_generator.cpython-310.pyc
[1.675s] running install_data
[1.676s] creating /root/ses598-space-robotics-and-ai-2026/assignments/cart_pole_optimal_control/install/cart_pole_optimal_control/share/ament_index
[1.676s] creating /root/ses598-space-robotics-and-ai-2026/assignments/cart_pole_optimal_control/install/cart_pole_optimal_control/share/ament_index/resource_index
[1.676s] creating /root/ses598-space-robotics-and-ai-2026/assignments/cart_pole_optimal_control/install/cart_pole_optimal_control/share/ament_index/resource_index/packages
[1.676s] copying resource/cart_pole_optimal_control -> /root/ses598-space-robotics-and-ai-2026/assignments/cart_pole_optimal_control/install/cart_pole_optimal_control/share/ament_index/resource_index/packages
[1.677s] copying package.xml -> /root/ses598-space-robotics-and-ai-2026/assignments/cart_pole_optimal_control/install/cart_pole_optimal_control/share/cart_pole_optimal_control
[1.677s] creating /root/ses598-space-robotics-and-ai-2026/assignments/cart_pole_optimal_control/install/cart_pole_optimal_control/share/cart_pole_optimal_control/launch
[1.677s] copying launch/cart_pole_rviz.launch.py -> /root/ses598-space-robotics-and-ai-2026/assignments/cart_pole_optimal_control/install/cart_pole_optimal_control/share/cart_pole_optimal_control/launch
[1.677s] copying launch/cart_pole.launch.py -> /root/ses598-space-robotics-and-ai-2026/assignments/cart_pole_optimal_control/install/cart_pole_optimal_control/share/cart_pole_optimal_control/launch
[1.678s] creating /root/ses598-space-robotics-and-ai-2026/assignments/cart_pole_optimal_control/install/cart_pole_optimal_control/share/cart_pole_optimal_control/config
[1.678s] copying config/cart_pole.rviz -> /root/ses598-space-robotics-and-ai-2026/assignments/cart_pole_optimal_control/install/cart_pole_optimal_control/share/cart_pole_optimal_control/config
[1.678s] creating /root/ses598-space-robotics-and-ai-2026/assignments/cart_pole_optimal_control/install/cart_pole_optimal_control/share/cart_pole_optimal_control/models
[1.678s] creating /root/ses598-space-robotics-and-ai-2026/assignments/cart_pole_optimal_control/install/cart_pole_optimal_control/share/cart_pole_optimal_control/models/cart_pole
[1.678s] copying models/cart_pole/model.urdf -> /root/ses598-space-robotics-and-ai-2026/assignments/cart_pole_optimal_control/install/cart_pole_optimal_control/share/cart_pole_optimal_control/models/cart_pole
[1.678s] creating /root/ses598-space-robotics-and-ai-2026/assignments/cart_pole_optimal_control/install/cart_pole_optimal_control/share/cart_pole_optimal_control/models/cart_pole/meshes
[1.679s] running install_egg_info
[1.680s] Copying build/cart_pole_optimal_control/cart_pole_optimal_control.egg-info to /root/ses598-space-robotics-and-ai-2026/assignments/cart_pole_optimal_control/install/cart_pole_optimal_control/lib/python3.10/site-packages/cart_pole_optimal_control-0.0.1-py3.10.egg-info
[1.681s] running install_scripts
[1.712s] Installing earthquake_force_generator script to /root/ses598-space-robotics-and-ai-2026/assignments/cart_pole_optimal_control/install/cart_pole_optimal_control/lib/cart_pole_optimal_control
[1.712s] Installing force_visualizer script to /root/ses598-space-robotics-and-ai-2026/assignments/cart_pole_optimal_control/install/cart_pole_optimal_control/lib/cart_pole_optimal_control
[1.712s] Installing lqr_controller script to /root/ses598-space-robotics-and-ai-2026/assignments/cart_pole_optimal_control/install/cart_pole_optimal_control/lib/cart_pole_optimal_control
[1.712s] Installing state_republisher script to /root/ses598-space-robotics-and-ai-2026/assignments/cart_pole_optimal_control/install/cart_pole_optimal_control/lib/cart_pole_optimal_control
[1.712s] writing list of installed files to '/root/ses598-space-robotics-and-ai-2026/assignments/cart_pole_optimal_control/build/cart_pole_optimal_control/install.log'
[1.743s] Invoked command in '/root/ses598-space-robotics-and-ai-2026/assignments/cart_pole_optimal_control' returned '0': PYTHONPATH=/root/ses598-space-robotics-and-ai-2026/assignments/cart_pole_optimal_control/build/cart_pole_optimal_control/prefix_override:/usr/lib/python3/dist-packages/colcon_core/task/python/colcon_distutils_commands:/root/ses598-space-robotics-and-ai-2026/assignments/cart_pole_optimal_control/install/cart_pole_optimal_control/lib/python3.10/site-packages:${PYTHONPATH} /usr/bin/python3 -W ignore:setup.py install is deprecated -W ignore:easy_install command is deprecated setup.py egg_info --egg-base build/cart_pole_optimal_control build --build-base /root/ses598-space-robotics-and-ai-2026/assignments/cart_pole_optimal_control/build/cart_pole_optimal_control/build install --record /root/ses598-space-robotics-and-ai-2026/assignments/cart_pole_optimal_control/build/cart_pole_optimal_control/install.log --single-version-externally-managed install_data
